=== Bimodal Predictor Dhrystone Results ===
=== Tue May 19 15:10:45 -0500 2026 ===

Time resolution is 1 ps
=== Bimodal Dhrystone: rv32i_pipeline_5stage_top ===
  Cycles:         4332
  Instructions:   2926
  Branches:       400
  Mispredictions: 202
  Dhrystones:     100
  CPI:            1.48
  Mispredict%:    50.50%
$finish called at time : 5000145 ns : File "vivado_bimodal/bim_5s_tb.sv" Line 37

Time resolution is 1 ps
=== Bimodal Dhrystone: rv32i_pipeline_top ===
  Cycles:         4935
  Instructions:   2926
  Branches:       400
  Mispredictions: 202
  Dhrystones:     100
  CPI:            1.68
  Mispredict%:    50.50%
$finish called at time : 5000145 ns : File "vivado_bimodal/bim_6s_tb.sv" Line 37

Time resolution is 1 ps
=== Bimodal Dhrystone: rv32i_pipeline_7stage_top ===
  Cycles:         5437
  Instructions:   2926
  Branches:       400
  Mispredictions: 202
  Dhrystones:     100
  CPI:            1.85
  Mispredict%:    50.50%
$finish called at time : 5000145 ns : File "vivado_bimodal/bim_7s_tb.sv" Line 37

