=== CoreMark-Minimal Benchmark Results ===
=== Tue May 19 15:35:56 -0500 2026 ===

Time resolution is 1 ps
=== CoreMark: rv32i_pipeline_5stage_top ===
  Cycles:         26767
  Instructions:   17712
  Branches:       3763
  Mispredictions: 687
  Iterations:     10
  Checksum:       0x0028bb10
  CPI:            1.51
  Mispredict%:    18.25%
$finish called at time : 10000145 ns : File "C:/Users/Joshi/RISCV-Vivado/vivado_coremark/cm_5s_tb.sv" Line 38

Time resolution is 1 ps
=== CoreMark: rv32i_pipeline_top ===
  Cycles:         29467
  Instructions:   17712
  Branches:       3763
  Mispredictions: 766
  Iterations:     10
  Checksum:       0x0028bb10
  CPI:            1.66
  Mispredict%:    20.35%
$finish called at time : 10000145 ns : File "C:/Users/Joshi/RISCV-Vivado/vivado_coremark/cm_6s_tb.sv" Line 38

Time resolution is 1 ps
=== CoreMark: rv32i_pipeline_7stage_top ===
  Cycles:         24415
  Instructions:   12724
  Branches:       2749
  Mispredictions: 588
  Iterations:     10
  Checksum:       0xxxxxxxxx
  CPI:            1.91
  Mispredict%:    21.38%
$finish called at time : 10000145 ns : File "C:/Users/Joshi/RISCV-Vivado/vivado_coremark/cm_7s_tb.sv" Line 38

