=== PHT Capacity Sweep: CoreMark + statemate ===
=== Fri May 22 23:22:38 -0500 2026 ===
=== Baseline gshare, all 5 pipeline depths ===

=== PHT_DEPTH = 32 ===

--- 4s_pht32_CoreMark ---
Time resolution is 1 ps
=== PHT=32 CoreMark: rv32i_pipeline_4stage_top ===
  Cycles:         4491068
  Instructions:   2893145
  Branches:       719810
  Mispredictions: 150502
  Iterations:     10
  CPI:            1.55
  Mispredict%:    20.90%
$finish called at time : 44952425 ns : File "D:/RISCV-Vivado/vivado_pht_sweep_cm/4s_pht32_CoreMark_tb.sv" Line 52

--- 4s_pht32_statemate ---
Time resolution is 1 ps
=== PHT=32 statemate: rv32i_pipeline_4stage_top ===
  Cycles:         3842885
  Instructions:   3160225
  Branches:       376291
  Mispredictions: 66599
  Correct:        0
  CPI:            1.21
  Mispredict%:    17.69%
$finish called at time : 38456375 ns : File "D:/RISCV-Vivado/vivado_pht_sweep_cm/4s_pht32_statemate_tb.sv" Line 52

--- 5s_pht32_CoreMark ---
Time resolution is 1 ps
=== PHT=32 CoreMark: rv32i_pipeline_5stage_top ===
  Cycles:         4732850
  Instructions:   2893145
  Branches:       719810
  Mispredictions: 150502
  Iterations:     10
  CPI:            1.63
  Mispredict%:    20.90%
$finish called at time : 47370285 ns : File "D:/RISCV-Vivado/vivado_pht_sweep_cm/5s_pht32_CoreMark_tb.sv" Line 52

--- 5s_pht32_statemate ---
Time resolution is 1 ps
=== PHT=32 statemate: rv32i_pipeline_5stage_top ===
  Cycles:         4125935
  Instructions:   3160225
  Branches:       376291
  Mispredictions: 66599
  Correct:        0
  CPI:            1.30
  Mispredict%:    17.69%
$finish called at time : 41287695 ns : File "D:/RISCV-Vivado/vivado_pht_sweep_cm/5s_pht32_statemate_tb.sv" Line 52

--- 6s_pht32_CoreMark ---
Time resolution is 1 ps
=== PHT=32 CoreMark: rv32i_pipeline_top ===
  Cycles:         5381712
  Instructions:   2893145
  Branches:       719810
  Mispredictions: 177857
  Iterations:     10
  CPI:            1.86
  Mispredict%:    24.70%
$finish called at time : 53864085 ns : File "D:/RISCV-Vivado/vivado_pht_sweep_cm/6s_pht32_CoreMark_tb.sv" Line 52

--- 6s_pht32_statemate ---
Time resolution is 1 ps
=== PHT=32 statemate: rv32i_pipeline_top ===
  Cycles:         4335731
  Instructions:   3160225
  Branches:       376291
  Mispredictions: 69929
  Correct:        0
  CPI:            1.37
  Mispredict%:    18.58%
$finish called at time : 43387295 ns : File "D:/RISCV-Vivado/vivado_pht_sweep_cm/6s_pht32_statemate_tb.sv" Line 52

--- 7s_pht32_CoreMark ---
Time resolution is 1 ps
=== PHT=32 CoreMark: rv32i_pipeline_7stage_top ===
  Cycles:         5872808
  Instructions:   2893145
  Branches:       719810
  Mispredictions: 152376
  Iterations:     10
  CPI:            2.02
  Mispredict%:    21.16%
$finish called at time : 58780225 ns : File "D:/RISCV-Vivado/vivado_pht_sweep_cm/7s_pht32_CoreMark_tb.sv" Line 52

--- 7s_pht32_statemate ---
Time resolution is 1 ps
=== PHT=32 statemate: rv32i_pipeline_7stage_top ===
  Cycles:         4741999
  Instructions:   3160225
  Branches:       376291
  Mispredictions: 73259
  Correct:        0
  CPI:            1.50
  Mispredict%:    19.46%
$finish called at time : 47452065 ns : File "D:/RISCV-Vivado/vivado_pht_sweep_cm/7s_pht32_statemate_tb.sv" Line 52

--- 8s_pht32_CoreMark ---
Time resolution is 1 ps
=== PHT=32 CoreMark: rv32i_pipeline_8stage_top ===
  Cycles:         6338948
  Instructions:   2893145
  Branches:       719810
  Mispredictions: 152376
  Iterations:     10
  CPI:            2.19
  Mispredict%:    21.16%
$finish called at time : 63441665 ns : File "D:/RISCV-Vivado/vivado_pht_sweep_cm/8s_pht32_CoreMark_tb.sv" Line 52

--- 8s_pht32_statemate ---
Time resolution is 1 ps
=== PHT=32 statemate: rv32i_pipeline_8stage_top ===
  Cycles:         5371370
  Instructions:   3160225
  Branches:       376291
  Mispredictions: 73259
  Correct:        0
  CPI:            1.69
  Mispredict%:    19.46%
$finish called at time : 53747725 ns : File "D:/RISCV-Vivado/vivado_pht_sweep_cm/8s_pht32_statemate_tb.sv" Line 52

=== PHT_DEPTH = 64 ===

--- 4s_pht64_CoreMark ---
Time resolution is 1 ps
=== PHT=64 CoreMark: rv32i_pipeline_4stage_top ===
  Cycles:         4481534
  Instructions:   2893145
  Branches:       719810
  Mispredictions: 145735
  Iterations:     10
  CPI:            1.54
  Mispredict%:    20.24%
$finish called at time : 44857085 ns : File "D:/RISCV-Vivado/vivado_pht_sweep_cm/4s_pht64_CoreMark_tb.sv" Line 52

--- 4s_pht64_statemate ---
Time resolution is 1 ps
=== PHT=64 statemate: rv32i_pipeline_4stage_top ===
  Cycles:         3842893
  Instructions:   3160225
  Branches:       376291
  Mispredictions: 66603
  Correct:        0
  CPI:            1.21
  Mispredict%:    17.69%
$finish called at time : 38456495 ns : File "D:/RISCV-Vivado/vivado_pht_sweep_cm/4s_pht64_statemate_tb.sv" Line 52

--- 5s_pht64_CoreMark ---
Time resolution is 1 ps
=== PHT=64 CoreMark: rv32i_pipeline_5stage_top ===
  Cycles:         4724937
  Instructions:   2893145
  Branches:       719810
  Mispredictions: 145735
  Iterations:     10
  CPI:            1.63
  Mispredict%:    20.24%
$finish called at time : 47291155 ns : File "D:/RISCV-Vivado/vivado_pht_sweep_cm/5s_pht64_CoreMark_tb.sv" Line 52

--- 5s_pht64_statemate ---
Time resolution is 1 ps
=== PHT=64 statemate: rv32i_pipeline_5stage_top ===
  Cycles:         4125943
  Instructions:   3160225
  Branches:       376291
  Mispredictions: 66603
  Correct:        0
  CPI:            1.30
  Mispredict%:    17.69%
$finish called at time : 41287825 ns : File "D:/RISCV-Vivado/vivado_pht_sweep_cm/5s_pht64_statemate_tb.sv" Line 52

--- 6s_pht64_CoreMark ---
Time resolution is 1 ps
=== PHT=64 CoreMark: rv32i_pipeline_top ===
  Cycles:         5310372
  Instructions:   2893145
  Branches:       719810
  Mispredictions: 154077
  Iterations:     10
  CPI:            1.83
  Mispredict%:    21.40%
$finish called at time : 53150685 ns : File "D:/RISCV-Vivado/vivado_pht_sweep_cm/6s_pht64_CoreMark_tb.sv" Line 52

--- 6s_pht64_statemate ---
Time resolution is 1 ps
=== PHT=64 statemate: rv32i_pipeline_top ===
  Cycles:         4335743
  Instructions:   3160225
  Branches:       376291
  Mispredictions: 69933
  Correct:        0
  CPI:            1.37
  Mispredict%:    18.58%
$finish called at time : 43387505 ns : File "D:/RISCV-Vivado/vivado_pht_sweep_cm/6s_pht64_statemate_tb.sv" Line 52

--- 7s_pht64_CoreMark ---
Time resolution is 1 ps
=== PHT=64 CoreMark: rv32i_pipeline_7stage_top ===
  Cycles:         5856929
  Instructions:   2893145
  Branches:       719810
  Mispredictions: 147760
  Iterations:     10
  CPI:            2.02
  Mispredict%:    20.52%
$finish called at time : 58621435 ns : File "D:/RISCV-Vivado/vivado_pht_sweep_cm/7s_pht64_CoreMark_tb.sv" Line 52

--- 7s_pht64_statemate ---
Time resolution is 1 ps
=== PHT=64 statemate: rv32i_pipeline_7stage_top ===
  Cycles:         4742011
  Instructions:   3160225
  Branches:       376291
  Mispredictions: 73263
  Correct:        0
  CPI:            1.50
  Mispredict%:    19.46%
$finish called at time : 47452245 ns : File "D:/RISCV-Vivado/vivado_pht_sweep_cm/7s_pht64_statemate_tb.sv" Line 52

--- 8s_pht64_CoreMark ---
Time resolution is 1 ps
=== PHT=64 CoreMark: rv32i_pipeline_8stage_top ===
  Cycles:         6323069
  Instructions:   2893145
  Branches:       719810
  Mispredictions: 147760
  Iterations:     10
  CPI:            2.18
  Mispredict%:    20.52%
$finish called at time : 63282875 ns : File "D:/RISCV-Vivado/vivado_pht_sweep_cm/8s_pht64_CoreMark_tb.sv" Line 52

--- 8s_pht64_statemate ---
Time resolution is 1 ps
=== PHT=64 statemate: rv32i_pipeline_8stage_top ===
  Cycles:         5371382
  Instructions:   3160225
  Branches:       376291
  Mispredictions: 73263
  Correct:        0
  CPI:            1.69
  Mispredict%:    19.46%
$finish called at time : 53747905 ns : File "D:/RISCV-Vivado/vivado_pht_sweep_cm/8s_pht64_statemate_tb.sv" Line 52

=== PHT_DEPTH = 128 ===

--- 4s_pht128_CoreMark ---
Time resolution is 1 ps
=== PHT=128 CoreMark: rv32i_pipeline_4stage_top ===
  Cycles:         4527010
  Instructions:   2893145
  Branches:       719810
  Mispredictions: 168473
  Iterations:     10
  CPI:            1.56
  Mispredict%:    23.40%
$finish called at time : 45311845 ns : File "D:/RISCV-Vivado/vivado_pht_sweep_cm/4s_pht128_CoreMark_tb.sv" Line 52

--- 4s_pht128_statemate ---
Time resolution is 1 ps
=== PHT=128 statemate: rv32i_pipeline_4stage_top ===
  Cycles:         3842895
  Instructions:   3160225
  Branches:       376291
  Mispredictions: 66604
  Correct:        0
  CPI:            1.21
  Mispredict%:    17.70%
$finish called at time : 38456595 ns : File "D:/RISCV-Vivado/vivado_pht_sweep_cm/4s_pht128_statemate_tb.sv" Line 52

--- 5s_pht128_CoreMark ---
Time resolution is 1 ps
=== PHT=128 CoreMark: rv32i_pipeline_5stage_top ===
  Cycles:         4748429
  Instructions:   2893145
  Branches:       719810
  Mispredictions: 168473
  Iterations:     10
  CPI:            1.64
  Mispredict%:    23.40%
$finish called at time : 47526075 ns : File "D:/RISCV-Vivado/vivado_pht_sweep_cm/5s_pht128_CoreMark_tb.sv" Line 52

--- 5s_pht128_statemate ---
Time resolution is 1 ps
=== PHT=128 statemate: rv32i_pipeline_5stage_top ===
  Cycles:         4125944
  Instructions:   3160225
  Branches:       376291
  Mispredictions: 66604
  Correct:        0
  CPI:            1.30
  Mispredict%:    17.70%
$finish called at time : 41287885 ns : File "D:/RISCV-Vivado/vivado_pht_sweep_cm/5s_pht128_statemate_tb.sv" Line 52

--- 6s_pht128_CoreMark ---
Time resolution is 1 ps
=== PHT=128 CoreMark: rv32i_pipeline_top ===
  Cycles:         5358189
  Instructions:   2893145
  Branches:       719810
  Mispredictions: 170016
  Iterations:     10
  CPI:            1.85
  Mispredict%:    23.61%
$finish called at time : 53628855 ns : File "D:/RISCV-Vivado/vivado_pht_sweep_cm/6s_pht128_CoreMark_tb.sv" Line 52

--- 6s_pht128_statemate ---
Time resolution is 1 ps
=== PHT=128 statemate: rv32i_pipeline_top ===
  Cycles:         4335743
  Instructions:   3160225
  Branches:       376291
  Mispredictions: 69933
  Correct:        0
  CPI:            1.37
  Mispredict%:    18.58%
$finish called at time : 43387595 ns : File "D:/RISCV-Vivado/vivado_pht_sweep_cm/6s_pht128_statemate_tb.sv" Line 52

--- 7s_pht128_CoreMark ---
Time resolution is 1 ps
=== PHT=128 CoreMark: rv32i_pipeline_7stage_top ===
  Cycles:         5924141
  Instructions:   2893145
  Branches:       719810
  Mispredictions: 169680
  Iterations:     10
  CPI:            2.04
  Mispredict%:    23.57%
$finish called at time : 59293555 ns : File "D:/RISCV-Vivado/vivado_pht_sweep_cm/7s_pht128_CoreMark_tb.sv" Line 52

--- 7s_pht128_statemate ---
Time resolution is 1 ps
=== PHT=128 statemate: rv32i_pipeline_7stage_top ===
  Cycles:         4745339
  Instructions:   3160225
  Branches:       376291
  Mispredictions: 73263
  Correct:        0
  CPI:            1.50
  Mispredict%:    19.46%
$finish called at time : 47485615 ns : File "D:/RISCV-Vivado/vivado_pht_sweep_cm/7s_pht128_statemate_tb.sv" Line 52

--- 8s_pht128_CoreMark ---
Time resolution is 1 ps
=== PHT=128 CoreMark: rv32i_pipeline_8stage_top ===
  Cycles:         6390281
  Instructions:   2893145
  Branches:       719810
  Mispredictions: 169680
  Iterations:     10
  CPI:            2.20
  Mispredict%:    23.57%
$finish called at time : 63954995 ns : File "D:/RISCV-Vivado/vivado_pht_sweep_cm/8s_pht128_CoreMark_tb.sv" Line 52

--- 8s_pht128_statemate ---
Time resolution is 1 ps
=== PHT=128 statemate: rv32i_pipeline_8stage_top ===
  Cycles:         5374710
  Instructions:   3160225
  Branches:       376291
  Mispredictions: 73263
  Correct:        0
  CPI:            1.70
  Mispredict%:    19.46%
$finish called at time : 53781275 ns : File "D:/RISCV-Vivado/vivado_pht_sweep_cm/8s_pht128_statemate_tb.sv" Line 52

=== PHT_DEPTH = 256 ===

--- 4s_pht256_CoreMark ---
Time resolution is 1 ps
=== PHT=256 CoreMark: rv32i_pipeline_4stage_top ===
  Cycles:         4534386
  Instructions:   2893145
  Branches:       719810
  Mispredictions: 172161
  Iterations:     10
  CPI:            1.56
  Mispredict%:    23.91%
$finish called at time : 45385605 ns : File "D:/RISCV-Vivado/vivado_pht_sweep_cm/4s_pht256_CoreMark_tb.sv" Line 52

--- 4s_pht256_statemate ---
Time resolution is 1 ps
=== PHT=256 statemate: rv32i_pipeline_4stage_top ===
  Cycles:         3842901
  Instructions:   3160225
  Branches:       376291
  Mispredictions: 66607
  Correct:        0
  CPI:            1.21
  Mispredict%:    17.70%
$finish called at time : 38456675 ns : File "D:/RISCV-Vivado/vivado_pht_sweep_cm/4s_pht256_statemate_tb.sv" Line 52

--- 5s_pht256_CoreMark ---
Time resolution is 1 ps
=== PHT=256 CoreMark: rv32i_pipeline_5stage_top ===
  Cycles:         4758156
  Instructions:   2893145
  Branches:       719810
  Mispredictions: 172161
  Iterations:     10
  CPI:            1.64
  Mispredict%:    23.91%
$finish called at time : 47623345 ns : File "D:/RISCV-Vivado/vivado_pht_sweep_cm/5s_pht256_CoreMark_tb.sv" Line 52

--- 5s_pht256_statemate ---
Time resolution is 1 ps
=== PHT=256 statemate: rv32i_pipeline_5stage_top ===
  Cycles:         4125950
  Instructions:   3160225
  Branches:       376291
  Mispredictions: 66607
  Correct:        0
  CPI:            1.30
  Mispredict%:    17.70%
$finish called at time : 41287965 ns : File "D:/RISCV-Vivado/vivado_pht_sweep_cm/5s_pht256_statemate_tb.sv" Line 52

--- 6s_pht256_CoreMark ---
Time resolution is 1 ps
=== PHT=256 CoreMark: rv32i_pipeline_top ===
  Cycles:         5385972
  Instructions:   2893145
  Branches:       719810
  Mispredictions: 179277
  Iterations:     10
  CPI:            1.86
  Mispredict%:    24.90%
$finish called at time : 53906685 ns : File "D:/RISCV-Vivado/vivado_pht_sweep_cm/6s_pht256_CoreMark_tb.sv" Line 52

--- 6s_pht256_statemate ---
Time resolution is 1 ps
=== PHT=256 statemate: rv32i_pipeline_top ===
  Cycles:         4335749
  Instructions:   3160225
  Branches:       376291
  Mispredictions: 69935
  Correct:        0
  CPI:            1.37
  Mispredict%:    18.58%
$finish called at time : 43387685 ns : File "D:/RISCV-Vivado/vivado_pht_sweep_cm/6s_pht256_statemate_tb.sv" Line 52

--- 7s_pht256_CoreMark ---
Time resolution is 1 ps
=== PHT=256 CoreMark: rv32i_pipeline_7stage_top ===
  Cycles:         5942996
  Instructions:   2893145
  Branches:       719810
  Mispredictions: 174436
  Iterations:     10
  CPI:            2.05
  Mispredict%:    24.23%
$finish called at time : 59482105 ns : File "D:/RISCV-Vivado/vivado_pht_sweep_cm/7s_pht256_CoreMark_tb.sv" Line 52

--- 7s_pht256_statemate ---
Time resolution is 1 ps
=== PHT=256 statemate: rv32i_pipeline_7stage_top ===
  Cycles:         4745348
  Instructions:   3160225
  Branches:       376291
  Mispredictions: 73266
  Correct:        0
  CPI:            1.50
  Mispredict%:    19.47%
$finish called at time : 47485735 ns : File "D:/RISCV-Vivado/vivado_pht_sweep_cm/7s_pht256_statemate_tb.sv" Line 52

--- 8s_pht256_CoreMark ---
Time resolution is 1 ps
=== PHT=256 CoreMark: rv32i_pipeline_8stage_top ===
  Cycles:         6409136
  Instructions:   2893145
  Branches:       719810
  Mispredictions: 174436
  Iterations:     10
  CPI:            2.21
  Mispredict%:    24.23%
$finish called at time : 64143545 ns : File "D:/RISCV-Vivado/vivado_pht_sweep_cm/8s_pht256_CoreMark_tb.sv" Line 52

--- 8s_pht256_statemate ---
Time resolution is 1 ps
=== PHT=256 statemate: rv32i_pipeline_8stage_top ===
  Cycles:         5374719
  Instructions:   3160225
  Branches:       376291
  Mispredictions: 73266
  Correct:        0
  CPI:            1.70
  Mispredict%:    19.47%
$finish called at time : 53781395 ns : File "D:/RISCV-Vivado/vivado_pht_sweep_cm/8s_pht256_statemate_tb.sv" Line 52

=== PHT_DEPTH = 512 ===

--- 4s_pht512_CoreMark ---
Time resolution is 1 ps
=== PHT=512 CoreMark: rv32i_pipeline_4stage_top ===
  Cycles:         4518044
  Instructions:   2893145
  Branches:       719810
  Mispredictions: 163990
  Iterations:     10
  CPI:            1.56
  Mispredict%:    22.78%
$finish called at time : 45222185 ns : File "D:/RISCV-Vivado/vivado_pht_sweep_cm/4s_pht512_CoreMark_tb.sv" Line 52

--- 4s_pht512_statemate ---
Time resolution is 1 ps
=== PHT=512 statemate: rv32i_pipeline_4stage_top ===
  Cycles:         3836237
  Instructions:   3160225
  Branches:       376291
  Mispredictions: 63275
  Correct:        0
  CPI:            1.21
  Mispredict%:    16.81%
$finish called at time : 38390055 ns : File "D:/RISCV-Vivado/vivado_pht_sweep_cm/4s_pht512_statemate_tb.sv" Line 52

--- 5s_pht512_CoreMark ---
Time resolution is 1 ps
=== PHT=512 CoreMark: rv32i_pipeline_5stage_top ===
  Cycles:         4736426
  Instructions:   2893145
  Branches:       719810
  Mispredictions: 163990
  Iterations:     10
  CPI:            1.63
  Mispredict%:    22.78%
$finish called at time : 47406045 ns : File "D:/RISCV-Vivado/vivado_pht_sweep_cm/5s_pht512_CoreMark_tb.sv" Line 52

--- 5s_pht512_statemate ---
Time resolution is 1 ps
=== PHT=512 statemate: rv32i_pipeline_5stage_top ===
  Cycles:         4122617
  Instructions:   3160225
  Branches:       376291
  Mispredictions: 63275
  Correct:        0
  CPI:            1.30
  Mispredict%:    16.81%
$finish called at time : 41254655 ns : File "D:/RISCV-Vivado/vivado_pht_sweep_cm/5s_pht512_statemate_tb.sv" Line 52

--- 6s_pht512_CoreMark ---
Time resolution is 1 ps
=== PHT=512 CoreMark: rv32i_pipeline_top ===
  Cycles:         5352192
  Instructions:   2893145
  Branches:       719810
  Mispredictions: 168017
  Iterations:     10
  CPI:            1.84
  Mispredict%:    23.34%
$finish called at time : 53568885 ns : File "D:/RISCV-Vivado/vivado_pht_sweep_cm/6s_pht512_CoreMark_tb.sv" Line 52

--- 6s_pht512_statemate ---
Time resolution is 1 ps
=== PHT=512 statemate: rv32i_pipeline_top ===
  Cycles:         4335746
  Instructions:   3160225
  Branches:       376291
  Mispredictions: 69934
  Correct:        0
  CPI:            1.37
  Mispredict%:    18.58%
$finish called at time : 43387715 ns : File "D:/RISCV-Vivado/vivado_pht_sweep_cm/6s_pht512_statemate_tb.sv" Line 52

--- 7s_pht512_CoreMark ---
Time resolution is 1 ps
=== PHT=512 CoreMark: rv32i_pipeline_7stage_top ===
  Cycles:         5911648
  Instructions:   2893145
  Branches:       719810
  Mispredictions: 167129
  Iterations:     10
  CPI:            2.04
  Mispredict%:    23.21%
$finish called at time : 59168625 ns : File "D:/RISCV-Vivado/vivado_pht_sweep_cm/7s_pht512_CoreMark_tb.sv" Line 52

--- 7s_pht512_statemate ---
Time resolution is 1 ps
=== PHT=512 statemate: rv32i_pipeline_7stage_top ===
  Cycles:         4735355
  Instructions:   3160225
  Branches:       376291
  Mispredictions: 69935
  Correct:        0
  CPI:            1.49
  Mispredict%:    18.58%
$finish called at time : 47385865 ns : File "D:/RISCV-Vivado/vivado_pht_sweep_cm/7s_pht512_statemate_tb.sv" Line 52

--- 8s_pht512_CoreMark ---
Time resolution is 1 ps
=== PHT=512 CoreMark: rv32i_pipeline_8stage_top ===
  Cycles:         6377788
  Instructions:   2893145
  Branches:       719810
  Mispredictions: 167129
  Iterations:     10
  CPI:            2.20
  Mispredict%:    23.21%
$finish called at time : 63830065 ns : File "D:/RISCV-Vivado/vivado_pht_sweep_cm/8s_pht512_CoreMark_tb.sv" Line 52

--- 8s_pht512_statemate ---
Time resolution is 1 ps
=== PHT=512 statemate: rv32i_pipeline_8stage_top ===
  Cycles:         5364726
  Instructions:   3160225
  Branches:       376291
  Mispredictions: 69935
  Correct:        0
  CPI:            1.69
  Mispredict%:    18.58%
$finish called at time : 53681525 ns : File "D:/RISCV-Vivado/vivado_pht_sweep_cm/8s_pht512_statemate_tb.sv" Line 52

=== PHT_DEPTH = 1024 ===

--- 4s_pht1024_CoreMark ---
Time resolution is 1 ps
=== PHT=1024 CoreMark: rv32i_pipeline_4stage_top ===
  Cycles:         4520058
  Instructions:   2893145
  Branches:       719810
  Mispredictions: 164997
  Iterations:     10
  CPI:            1.56
  Mispredict%:    22.92%
$finish called at time : 45242325 ns : File "D:/RISCV-Vivado/vivado_pht_sweep_cm/4s_pht1024_CoreMark_tb.sv" Line 52

--- 4s_pht1024_statemate ---
Time resolution is 1 ps
=== PHT=1024 statemate: rv32i_pipeline_4stage_top ===
  Cycles:         3822933
  Instructions:   3160225
  Branches:       376291
  Mispredictions: 56623
  Correct:        0
  CPI:            1.20
  Mispredict%:    15.04%
$finish called at time : 38257055 ns : File "D:/RISCV-Vivado/vivado_pht_sweep_cm/4s_pht1024_statemate_tb.sv" Line 52

--- 5s_pht1024_CoreMark ---
Time resolution is 1 ps
=== PHT=1024 CoreMark: rv32i_pipeline_5stage_top ===
  Cycles:         4737777
  Instructions:   2893145
  Branches:       719810
  Mispredictions: 164997
  Iterations:     10
  CPI:            1.63
  Mispredict%:    22.92%
$finish called at time : 47419555 ns : File "D:/RISCV-Vivado/vivado_pht_sweep_cm/5s_pht1024_CoreMark_tb.sv" Line 52

--- 5s_pht1024_statemate ---
Time resolution is 1 ps
=== PHT=1024 statemate: rv32i_pipeline_5stage_top ===
  Cycles:         4109313
  Instructions:   3160225
  Branches:       376291
  Mispredictions: 56623
  Correct:        0
  CPI:            1.30
  Mispredict%:    15.04%
$finish called at time : 41121645 ns : File "D:/RISCV-Vivado/vivado_pht_sweep_cm/5s_pht1024_statemate_tb.sv" Line 52

--- 6s_pht1024_CoreMark ---
Time resolution is 1 ps
=== PHT=1024 CoreMark: rv32i_pipeline_top ===
  Cycles:         5348976
  Instructions:   2893145
  Branches:       719810
  Mispredictions: 166945
  Iterations:     10
  CPI:            1.84
  Mispredict%:    23.19%
$finish called at time : 53536725 ns : File "D:/RISCV-Vivado/vivado_pht_sweep_cm/6s_pht1024_CoreMark_tb.sv" Line 52

--- 6s_pht1024_statemate ---
Time resolution is 1 ps
=== PHT=1024 statemate: rv32i_pipeline_top ===
  Cycles:         4315790
  Instructions:   3160225
  Branches:       376291
  Mispredictions: 63282
  Correct:        0
  CPI:            1.36
  Mispredict%:    16.81%
$finish called at time : 43188215 ns : File "D:/RISCV-Vivado/vivado_pht_sweep_cm/6s_pht1024_statemate_tb.sv" Line 52

--- 7s_pht1024_CoreMark ---
Time resolution is 1 ps
=== PHT=1024 CoreMark: rv32i_pipeline_7stage_top ===
  Cycles:         5911536
  Instructions:   2893145
  Branches:       719810
  Mispredictions: 166934
  Iterations:     10
  CPI:            2.04
  Mispredict%:    23.19%
$finish called at time : 59167505 ns : File "D:/RISCV-Vivado/vivado_pht_sweep_cm/7s_pht1024_CoreMark_tb.sv" Line 52

--- 7s_pht1024_statemate ---
Time resolution is 1 ps
=== PHT=1024 statemate: rv32i_pipeline_7stage_top ===
  Cycles:         4712071
  Instructions:   3160225
  Branches:       376291
  Mispredictions: 63283
  Correct:        0
  CPI:            1.49
  Mispredict%:    16.81%
$finish called at time : 47153085 ns : File "D:/RISCV-Vivado/vivado_pht_sweep_cm/7s_pht1024_statemate_tb.sv" Line 52

--- 8s_pht1024_CoreMark ---
Time resolution is 1 ps
=== PHT=1024 CoreMark: rv32i_pipeline_8stage_top ===
  Cycles:         6377676
  Instructions:   2893145
  Branches:       719810
  Mispredictions: 166934
  Iterations:     10
  CPI:            2.20
  Mispredict%:    23.19%
$finish called at time : 63828945 ns : File "D:/RISCV-Vivado/vivado_pht_sweep_cm/8s_pht1024_CoreMark_tb.sv" Line 52

--- 8s_pht1024_statemate ---
Time resolution is 1 ps
=== PHT=1024 statemate: rv32i_pipeline_8stage_top ===
  Cycles:         5341442
  Instructions:   3160225
  Branches:       376291
  Mispredictions: 63283
  Correct:        0
  CPI:            1.69
  Mispredict%:    16.81%
$finish called at time : 53448745 ns : File "D:/RISCV-Vivado/vivado_pht_sweep_cm/8s_pht1024_statemate_tb.sv" Line 52

