=== BRAM Variant Synthesis Results ===
=== Tue May 19 14:14:12 -0500 2026 ===

------------------------------------------------------------
  bram_5s (rv32i_pipeline_5stage_bram_top)
------------------------------------------------------------
  Fmax (est) : 73.7 MHz
  WNS        : -8.560 ns
  LUTs       : 6659
  FFs        : 8148
  DSPs       : 12
  BRAMs      : 1

------------------------------------------------------------
  bram_6s (rv32i_pipeline_bram_top)
------------------------------------------------------------
  Fmax (est) : 121.5 MHz
  WNS        : -3.230 ns
  LUTs       : 6915
  FFs        : 8426
  DSPs       : 12
  BRAMs      : 1

------------------------------------------------------------
  bram_7s (rv32i_pipeline_7stage_bram_top)
------------------------------------------------------------
  Fmax (est) : 120.9 MHz
  WNS        : -3.272 ns
  LUTs       : 6939
  FFs        : 8526
  DSPs       : 12
  BRAMs      : 1

