=== Dhrystone 2.1 Benchmark Results ===
=== Tue May 19 11:50:22 -0500 2026 ===

Time resolution is 1 ps
=== Dhrystone 2.1: rv32i_pipeline_5stage_top ===
  Cycles:         4334
  Instructions:   2926
  Branches:       400
  Mispredictions: 203
  Dhrystones:     100
  Checksum:       22
  CPI:            1.48
  Mispredict%:    50.75%
=== Done ===
$finish called at time : 5000145 ns : File "C:/Users/Joshi/RISCV-Vivado/vivado_dhry/dhry_5s_tb.sv" Line 41

Time resolution is 1 ps
=== Dhrystone 2.1: rv32i_pipeline_top ===
  Cycles:         4938
  Instructions:   2926
  Branches:       400
  Mispredictions: 203
  Dhrystones:     100
  Checksum:       22
  CPI:            1.68
  Mispredict%:    50.75%
=== Done ===
$finish called at time : 5000145 ns : File "C:/Users/Joshi/RISCV-Vivado/vivado_dhry/dhry_6s_tb.sv" Line 41

Time resolution is 1 ps
=== Dhrystone 2.1: rv32i_pipeline_7stage_top ===
  Cycles:         5440
  Instructions:   2926
  Branches:       400
  Mispredictions: 203
  Dhrystones:     100
  Checksum:       22
  CPI:            1.85
  Mispredict%:    50.75%
=== Done ===
$finish called at time : 5000145 ns : File "C:/Users/Joshi/RISCV-Vivado/vivado_dhry/dhry_7s_tb.sv" Line 41

