=== Predictor Sweep: PHT_DEPTH = 32, 64, 128 x 3 pipeline variants ===
=== Tue May 19 13:41:35 -0500 2026 ===

Time resolution is 1 ps
=== rv32i_pipeline_5stage_top PHT=32 ===
  Cycles:         4334
  Instructions:   2926
  Branches:       400
  Mispredictions: 203
  Dhrystones:     100
  CPI:            1.48
  Mispredict%:    50.75%
$finish called at time : 5000145 ns : File "C:/Users/Joshi/RISCV-Vivado/vivado_predsweep/5s_pht32_tb.sv" Line 37

Time resolution is 1 ps
=== rv32i_pipeline_top PHT=32 ===
  Cycles:         4938
  Instructions:   2926
  Branches:       400
  Mispredictions: 203
  Dhrystones:     100
  CPI:            1.68
  Mispredict%:    50.75%
$finish called at time : 5000145 ns : File "C:/Users/Joshi/RISCV-Vivado/vivado_predsweep/6s_pht32_tb.sv" Line 37

Time resolution is 1 ps
=== rv32i_pipeline_7stage_top PHT=32 ===
  Cycles:         5440
  Instructions:   2926
  Branches:       400
  Mispredictions: 203
  Dhrystones:     100
  CPI:            1.85
  Mispredict%:    50.75%
$finish called at time : 5000145 ns : File "C:/Users/Joshi/RISCV-Vivado/vivado_predsweep/7s_pht32_tb.sv" Line 37

Time resolution is 1 ps
=== rv32i_pipeline_5stage_top PHT=64 ===
  Cycles:         4334
  Instructions:   2926
  Branches:       400
  Mispredictions: 203
  Dhrystones:     100
  CPI:            1.48
  Mispredict%:    50.75%
$finish called at time : 5000145 ns : File "C:/Users/Joshi/RISCV-Vivado/vivado_predsweep/5s_pht64_tb.sv" Line 37

Time resolution is 1 ps
=== rv32i_pipeline_top PHT=64 ===
  Cycles:         4938
  Instructions:   2926
  Branches:       400
  Mispredictions: 203
  Dhrystones:     100
  CPI:            1.68
  Mispredict%:    50.75%
$finish called at time : 5000145 ns : File "C:/Users/Joshi/RISCV-Vivado/vivado_predsweep/6s_pht64_tb.sv" Line 37

Time resolution is 1 ps
=== rv32i_pipeline_7stage_top PHT=64 ===
  Cycles:         5440
  Instructions:   2926
  Branches:       400
  Mispredictions: 203
  Dhrystones:     100
  CPI:            1.85
  Mispredict%:    50.75%
$finish called at time : 5000145 ns : File "C:/Users/Joshi/RISCV-Vivado/vivado_predsweep/7s_pht64_tb.sv" Line 37

Time resolution is 1 ps
=== rv32i_pipeline_5stage_top PHT=128 ===
  Cycles:         4334
  Instructions:   2926
  Branches:       400
  Mispredictions: 203
  Dhrystones:     100
  CPI:            1.48
  Mispredict%:    50.75%
$finish called at time : 5000145 ns : File "C:/Users/Joshi/RISCV-Vivado/vivado_predsweep/5s_pht128_tb.sv" Line 37

Time resolution is 1 ps
=== rv32i_pipeline_top PHT=128 ===
  Cycles:         4938
  Instructions:   2926
  Branches:       400
  Mispredictions: 203
  Dhrystones:     100
  CPI:            1.68
  Mispredict%:    50.75%
$finish called at time : 5000145 ns : File "C:/Users/Joshi/RISCV-Vivado/vivado_predsweep/6s_pht128_tb.sv" Line 37

Time resolution is 1 ps
=== rv32i_pipeline_7stage_top PHT=128 ===
  Cycles:         5440
  Instructions:   2926
  Branches:       400
  Mispredictions: 203
  Dhrystones:     100
  CPI:            1.85
  Mispredict%:    50.75%
$finish called at time : 5000145 ns : File "C:/Users/Joshi/RISCV-Vivado/vivado_predsweep/7s_pht128_tb.sv" Line 37

